<?xml version="1.0" encoding="UTF-8"?>
<testsuite xmlns:xsi="http://www.w3.org/2001/XMLSchema-instance" xsi:noNamespaceSchemaLocation="https://maven.apache.org/surefire/maven-surefire-plugin/xsd/surefire-test-report.xsd" name="Runner.TestRunner" time="179.704" tests="6" errors="0" skipped="0" failures="0">
  <properties>
[...]
</properties>
  <testcase name="Check user is able to create new article successfully" classname="Feature to test login functionality" time="24.16"/>
  <testcase name="Check user is able to edit the created article successfully" classname="Feature to test login functionality" time="24.436"/>
  <testcase name="Check user is able to see the article in Global feed" classname="Feature to test login functionality" time="20.821"/>
  <testcase name="Check user is able to add &amp; delete the comment to artice" classname="Feature to test login functionality" time="25.908"/>
  <testcase name="Check user is able to delete the comment from article" classname="Feature to test login functionality" time="57.891"/>
  <testcase name="Check user is able to delete the artice" classname="Feature to test login functionality" time="24.355"/>
</testsuite>